<?xml version="1.0" encoding="UTF-8"?>
<!-- Generated by org.testng.reporters.JUnitReportReporter -->
<testsuite hostname="LenovoIdeaPad" failures="0" tests="3" name="tests.AwardWinnersPageTest" time="12.015" errors="0" timestamp="2023-12-12T17:55:01 IST" skipped="0">
  <testcase classname="tests.AwardWinnersPageTest" name="test_login" time="4.171"/>
  <system-out/>
  <testcase classname="tests.AwardWinnersPageTest" name="click_AwardWinner" time="1.025"/>
  <system-out/>
  <testcase classname="tests.AwardWinnersPageTest" name="click_book" time="6.819"/>
  <system-out/>
</testsuite> <!-- tests.AwardWinnersPageTest -->
