<?xml version="1.0" encoding="UTF-8"?>
<!-- Generated by org.testng.reporters.JUnitReportReporter -->
<testsuite hostname="LenovoIdeaPad" failures="0" tests="3" name="tests.BoxSetsPageTest" time="13.129" errors="0" timestamp="2023-12-12T17:55:01 IST" skipped="0">
  <testcase classname="tests.BoxSetsPageTest" name="test_login" time="6.904"/>
  <system-out/>
  <testcase classname="tests.BoxSetsPageTest" name="clickboxsets" time="1.674"/>
  <system-out/>
  <testcase classname="tests.BoxSetsPageTest" name="clickbook1" time="4.551"/>
  <system-out/>
</testsuite> <!-- tests.BoxSetsPageTest -->
