<?xml version="1.0" encoding="UTF-8"?>
<!-- Generated by org.testng.reporters.JUnitReportReporter -->
<testsuite hostname="LenovoIdeaPad" failures="0" tests="3" name="tests.NewArrivalsPageTest" time="15.990" errors="0" timestamp="2023-12-12T17:55:01 IST" skipped="0">
  <testcase classname="tests.NewArrivalsPageTest" name="test_login" time="4.181"/>
  <system-out/>
  <testcase classname="tests.NewArrivalsPageTest" name="selectpaper" time="5.050"/>
  <system-out/>
  <testcase classname="tests.NewArrivalsPageTest" name="Select_Book" time="6.759"/>
  <system-out/>
</testsuite> <!-- tests.NewArrivalsPageTest -->
