<?xml version="1.0" encoding="UTF-8"?>
<!-- Generated by org.testng.reporters.JUnitReportReporter -->
<testsuite hostname="LenovoIdeaPad" failures="0" tests="3" name="tests.BestSellersPageTest" time="8.797" errors="0" timestamp="2023-12-12T17:55:01 IST" skipped="0">
  <testcase classname="tests.BestSellersPageTest" name="test_login" time="4.595"/>
  <system-out/>
  <testcase classname="tests.BestSellersPageTest" name="click_BestSellers" time="1.071"/>
  <system-out/>
  <testcase classname="tests.BestSellersPageTest" name="click_book" time="3.131"/>
  <system-out/>
</testsuite> <!-- tests.BestSellersPageTest -->
